\BOOKMARK [0][-]{chapter*.2}{\376\377\000L\000i\000s\000t\000\040\000o\000f\000\040\000F\000i\000g\000u\000r\000e\000s}{}% 1
\BOOKMARK [0][-]{chapter*.3}{\376\377\000L\000i\000s\000t\000\040\000o\000f\000\040\000T\000a\000b\000l\000e\000s}{}% 2
\BOOKMARK [0][-]{chapter.1}{\376\377\000I\000n\000t\000r\000o\000d\000u\000c\000t\000i\000o\000n}{}% 3
\BOOKMARK [1][-]{section.1.1}{\376\377\000R\000e\000l\000a\000t\000e\000d\000\040\000W\000o\000r\000k\000s}{chapter.1}% 4
\BOOKMARK [0][-]{chapter.2}{\376\377\000B\000a\000c\000k\000g\000r\000o\000u\000n\000d}{}% 5
\BOOKMARK [1][-]{section.2.1}{\376\377\000S\000i\000m\000p\000l\000i\000c\000i\000a\000l\000\040\000H\000o\000m\000o\000l\000o\000g\000y}{chapter.2}% 6
\BOOKMARK [1][-]{section.2.2}{\376\377\000P\000e\000r\000s\000i\000s\000t\000e\000n\000t\000\040\000H\000o\000m\000o\000l\000o\000g\000y}{chapter.2}% 7
\BOOKMARK [1][-]{section.2.3}{\376\377\000B\000a\000c\000k\000g\000r\000o\000u\000n\000d\000\040\000o\000n\000\040\000t\000h\000e\000\040\000S\000T\000L\000\040\000F\000i\000l\000e\000t\000y\000p\000e}{chapter.2}% 8
\BOOKMARK [0][-]{chapter.3}{\376\377\000M\000e\000t\000h\000o\000d\000s}{}% 9
\BOOKMARK [1][-]{section.3.1}{\376\377\000M\000a\000i\000n\000\040\000M\000e\000t\000h\000o\000d}{chapter.3}% 10
\BOOKMARK [2][-]{subsection.3.1.1}{\376\377\000C\000r\000e\000a\000t\000i\000n\000g\000\040\000a\000\040\000M\000e\000s\000h\000\040\000f\000r\000o\000m\000\040\000a\000n\000\040\000S\000T\000L\000\040\000f\000i\000l\000e}{section.3.1}% 11
\BOOKMARK [2][-]{subsection.3.1.2}{\376\377\000C\000r\000e\000a\000t\000i\000n\000g\000\040\000a\000n\000d\000\040\000m\000o\000d\000i\000f\000y\000i\000n\000g\000\040\000a\000n\000\040\000A\000l\000p\000h\000a\000\040\000C\000o\000m\000p\000l\000e\000x}{section.3.1}% 12
\BOOKMARK [2][-]{subsection.3.1.3}{\376\377\000C\000o\000m\000p\000u\000t\000i\000n\000g\000\040\000a\000\040\000P\000e\000r\000s\000i\000s\000t\000e\000n\000c\000e\000\040\000D\000i\000a\000g\000r\000a\000m}{section.3.1}% 13
\BOOKMARK [1][-]{section.3.2}{\376\377\000I\000m\000p\000l\000e\000m\000e\000n\000t\000a\000t\000i\000o\000n}{chapter.3}% 14
\BOOKMARK [2][-]{subsection.3.2.1}{\376\377\000C\000r\000e\000a\000t\000i\000n\000g\000\040\000S\000T\000L\000\040\000F\000i\000l\000e\000s\000\040\000w\000i\000t\000h\000\040\000F\000r\000e\000e\000C\000A\000D}{section.3.2}% 15
\BOOKMARK [2][-]{subsection.3.2.2}{\376\377\000P\000a\000r\000s\000i\000n\000g\000\040\000t\000h\000e\000\040\000S\000T\000L\000\040\000F\000i\000l\000e\000\040\000D\000a\000t\000a}{section.3.2}% 16
\BOOKMARK [2][-]{subsection.3.2.3}{\376\377\000t\000h\000e\000s\000i\000s\000_\000p\000a\000p\000e\000r\000-\0001\000.\000c\000p\000t}{section.3.2}% 17
\BOOKMARK [2][-]{subsection.3.2.4}{\376\377\000t\000h\000e\000s\000i\000s\000_\000p\000a\000p\000e\000r\000-\0004\000.\000c\000p\000t}{section.3.2}% 18
\BOOKMARK [2][-]{subsection.3.2.5}{\376\377\000P\000e\000r\000s\000i\000s\000t\000e\000n\000c\000e\000\040\000D\000i\000a\000g\000r\000a\000m\000\040\000C\000o\000n\000s\000t\000r\000u\000c\000t\000i\000o\000n}{section.3.2}% 19
\BOOKMARK [0][-]{chapter.4}{\376\377\000R\000e\000s\000u\000l\000t\000s}{}% 20
\BOOKMARK [1][-]{section.4.1}{\376\377\000T\000w\000o\000\040\000C\000u\000b\000e\000s\000\040\000w\000i\000t\000h\000\040\000T\000h\000r\000e\000e\000\040\000P\000o\000c\000k\000e\000t\000s\000\040\000M\000o\000v\000i\000n\000g\000\040\000C\000l\000o\000s\000e\000r}{chapter.4}% 21
\BOOKMARK [1][-]{section.4.2}{\376\377\000C\000u\000b\000e\000\040\000w\000i\000t\000h\000\040\000E\000q\000u\000i\000l\000a\000t\000e\000r\000a\000l\000\040\000T\000r\000i\000a\000n\000g\000l\000e\000\040\000H\000o\000l\000e}{chapter.4}% 22
\BOOKMARK [1][-]{section.4.3}{\376\377\000R\000e\000c\000t\000a\000n\000g\000u\000l\000a\000r\000\040\000P\000r\000i\000s\000m\000\040\000R\000i\000n\000g\000\040\000w\000i\000t\000h\000\040\000C\000u\000t}{chapter.4}% 23
\BOOKMARK [0][-]{chapter.5}{\376\377\000D\000i\000s\000c\000u\000s\000s\000i\000o\000n}{}% 24
\BOOKMARK [1][-]{section.5.1}{\376\377\000T\000w\000o\000\040\000C\000u\000b\000e\000s\000\040\000w\000i\000t\000h\000\040\000T\000h\000r\000e\000e\000\040\000P\000o\000c\000k\000e\000t\000s\000\040\000M\000o\000v\000i\000n\000g\000\040\000C\000l\000o\000s\000e\000r}{chapter.5}% 25
\BOOKMARK [1][-]{section.5.2}{\376\377\000C\000u\000b\000e\000\040\000w\000i\000t\000h\000\040\000E\000q\000u\000i\000l\000a\000t\000e\000r\000a\000l\000\040\000T\000r\000i\000a\000n\000g\000l\000e\000\040\000H\000o\000l\000e}{chapter.5}% 26
\BOOKMARK [1][-]{section.5.3}{\376\377\000R\000e\000c\000t\000a\000n\000g\000u\000l\000a\000r\000\040\000P\000r\000i\000s\000m\000\040\000R\000i\000n\000g\000\040\000w\000i\000t\000h\000\040\000C\000u\000t}{chapter.5}% 27
\BOOKMARK [0][-]{chapter.6}{\376\377\000C\000o\000n\000c\000l\000u\000s\000i\000o\000n}{}% 28
\BOOKMARK [1][-]{section.6.1}{\376\377\000F\000i\000n\000d\000i\000n\000g\000s}{chapter.6}% 29
\BOOKMARK [1][-]{section.6.2}{\376\377\000F\000u\000t\000u\000r\000e\000\040\000W\000o\000r\000k}{chapter.6}% 30
\BOOKMARK [0][-]{chapter*.31}{\376\377\000B\000i\000b\000l\000i\000o\000g\000r\000a\000p\000h\000y}{}% 31
